<?xml version="1.0" encoding="UTF-8"?>
<!-- Generated by org.testng.reporters.JUnitReportReporter -->
<testsuite hostname="Ankush" failures="0" tests="2" name="Test.day2" time="0.034" errors="0" timestamp="13 Sep 2025 16:16:13 GMT" skipped="0">
  <testcase classname="Test.day2" name="Banana" time="0.022"/>
  <testcase classname="Test.day2" name="Apple" time="0.012"/>
</testsuite> <!-- Test.day2 -->
