<?xml version="1.0" encoding="UTF-8"?>
<!-- Generated by org.testng.reporters.JUnitReportReporter -->
<testsuite hostname="Ankush" failures="0" tests="2" name="Test.ParametersExample" time="0.194" errors="0" timestamp="13 Sep 2025 16:13:24 GMT" skipped="0">
  <testcase classname="Test.ParametersExample" name="logoTest" time="0.173"/>
  <testcase classname="Test.ParametersExample" name="homePageTitle" time="0.021"/>
</testsuite> <!-- Test.ParametersExample -->
