<?xml version="1.0" encoding="UTF-8"?>
<!-- Generated by org.testng.reporters.JUnitReportReporter -->
<testsuite hostname="Ankush" failures="0" tests="1" name="Test.ParallelTest22" time="15.792" errors="0" timestamp="14 Sep 2025 08:03:27 GMT" skipped="0">
  <testcase classname="Test.ParallelTest22" name="LoginTest" time="15.792"/>
</testsuite> <!-- Test.ParallelTest22 -->
