<?xml version="1.0" encoding="UTF-8"?>
<!-- Generated by org.testng.reporters.JUnitReportReporter -->
<testsuite hostname="Ankush" failures="0" tests="2" name="Test.day1" time="0.021" errors="0" timestamp="11 Sep 2025 16:54:19 GMT" skipped="0">
  <testcase classname="Test.day1" name="m1" time="0.008"/>
  <testcase classname="Test.day1" name="demoSch" time="0.013"/>
</testsuite> <!-- Test.day1 -->
