<?xml version="1.0" encoding="UTF-8"?>
<!-- Generated by org.testng.reporters.JUnitReportReporter -->
<testsuite hostname="Ankush" failures="0" tests="3" name="Test.DataproviderExample" time="0.022" errors="0" timestamp="13 Sep 2025 15:42:38 GMT" skipped="0">
  <testcase classname="Test.DataproviderExample" name="TestLogin" time="0.003"/>
  <testcase classname="Test.DataproviderExample" name="TestLogin" time="0.010"/>
  <testcase classname="Test.DataproviderExample" name="TestLogin" time="0.009"/>
</testsuite> <!-- Test.DataproviderExample -->
