<?xml version="1.0" encoding="UTF-8"?>
<!-- Generated by org.testng.reporters.JUnitReportReporter -->
<testsuite hostname="Ankush" failures="0" tests="2" name="Test.ParallelTest1" time="35.628" errors="0" timestamp="14 Sep 2025 08:03:27 GMT" skipped="0">
  <testcase classname="Test.ParallelTest1" name="homePageTitle" time="17.409"/>
  <testcase classname="Test.ParallelTest1" name="logoTest" time="18.219"/>
</testsuite> <!-- Test.ParallelTest1 -->
